Determining if the pthread_create exist failed with the following output:
Change Dir: /home/braile/Workspace/Original-RPHSD/UW-DS/.build/CMakeFiles/CMakeTmp

Run Build Command:"/usr/bin/make" "cmTC_90058/fast"
/usr/bin/make -f CMakeFiles/cmTC_90058.dir/build.make CMakeFiles/cmTC_90058.dir/build
make[1]: Entering directory '/home/braile/Workspace/Original-RPHSD/UW-DS/.build/CMakeFiles/CMakeTmp'
Building C object CMakeFiles/cmTC_90058.dir/CheckSymbolExists.c.o
/usr/bin/cc    -o CMakeFiles/cmTC_90058.dir/CheckSymbolExists.c.o   -c /home/braile/Workspace/Original-RPHSD/UW-DS/.build/CMakeFiles/CMakeTmp/CheckSymbolExists.c
Linking C executable cmTC_90058
/usr/bin/cmake -E cmake_link_script CMakeFiles/cmTC_90058.dir/link.txt --verbose=1
/usr/bin/cc      -rdynamic CMakeFiles/cmTC_90058.dir/CheckSymbolExists.c.o  -o cmTC_90058 
CMakeFiles/cmTC_90058.dir/CheckSymbolExists.c.o: In function `main':
CheckSymbolExists.c:(.text+0x1b): undefined reference to `pthread_create'
collect2: error: ld returned 1 exit status
CMakeFiles/cmTC_90058.dir/build.make:97: recipe for target 'cmTC_90058' failed
make[1]: *** [cmTC_90058] Error 1
make[1]: Leaving directory '/home/braile/Workspace/Original-RPHSD/UW-DS/.build/CMakeFiles/CMakeTmp'
Makefile:126: recipe for target 'cmTC_90058/fast' failed
make: *** [cmTC_90058/fast] Error 2

File /home/braile/Workspace/Original-RPHSD/UW-DS/.build/CMakeFiles/CMakeTmp/CheckSymbolExists.c:
/* */
#include <pthread.h>

int main(int argc, char** argv)
{
  (void)argv;
#ifndef pthread_create
  return ((int*)(&pthread_create))[argc];
#else
  (void)argc;
  return 0;
#endif
}

Determining if the function pthread_create exists in the pthreads failed with the following output:
Change Dir: /home/braile/Workspace/Original-RPHSD/UW-DS/.build/CMakeFiles/CMakeTmp

Run Build Command:"/usr/bin/make" "cmTC_adfbb/fast"
/usr/bin/make -f CMakeFiles/cmTC_adfbb.dir/build.make CMakeFiles/cmTC_adfbb.dir/build
make[1]: Entering directory '/home/braile/Workspace/Original-RPHSD/UW-DS/.build/CMakeFiles/CMakeTmp'
Building C object CMakeFiles/cmTC_adfbb.dir/CheckFunctionExists.c.o
/usr/bin/cc   -DCHECK_FUNCTION_EXISTS=pthread_create   -o CMakeFiles/cmTC_adfbb.dir/CheckFunctionExists.c.o   -c /usr/share/cmake-3.9/Modules/CheckFunctionExists.c
Linking C executable cmTC_adfbb
/usr/bin/cmake -E cmake_link_script CMakeFiles/cmTC_adfbb.dir/link.txt --verbose=1
/usr/bin/cc  -DCHECK_FUNCTION_EXISTS=pthread_create    -rdynamic CMakeFiles/cmTC_adfbb.dir/CheckFunctionExists.c.o  -o cmTC_adfbb -lpthreads 
/usr/bin/ld: cannot find -lpthreads
collect2: error: ld returned 1 exit status
CMakeFiles/cmTC_adfbb.dir/build.make:97: recipe for target 'cmTC_adfbb' failed
make[1]: *** [cmTC_adfbb] Error 1
make[1]: Leaving directory '/home/braile/Workspace/Original-RPHSD/UW-DS/.build/CMakeFiles/CMakeTmp'
Makefile:126: recipe for target 'cmTC_adfbb/fast' failed
make: *** [cmTC_adfbb/fast] Error 2


